2017-12-06 09:28:09,430 [main] INFO  org.mule.module.launcher.application.DefaultMuleApplication - 
++++++++++++++++++++++++++++++++++++++++++++++++++++++++++++
+ Initializing app 'project1'                              +
++++++++++++++++++++++++++++++++++++++++++++++++++++++++++++
2017-12-06 09:28:09,684 [main] INFO  org.mule.lifecycle.AbstractLifecycleManager - Initialising RegistryBroker
2017-12-06 09:28:09,958 [main] INFO  org.mule.module.extension.internal.manager.DefaultExtensionManager - Starting discovery of extensions
2017-12-06 09:28:10,185 [main] INFO  org.mule.module.extension.internal.manager.DefaultExtensionManager - Discovered 1 extensions
2017-12-06 09:28:10,185 [main] INFO  org.mule.module.extension.internal.manager.DefaultExtensionManager - Registering extension validation (version 3.9)
2017-12-06 09:28:10,304 [main] INFO  org.mule.config.spring.MuleArtifactContext - Refreshing org.mule.config.spring.MuleArtifactContext@4a9e6faf: startup date [Wed Dec 06 09:28:10 PST 2017]; root of context hierarchy
2017-12-06 09:28:12,855 [main] INFO  org.mule.config.spring.processors.NoDevkitInjectorProcessor - JSR-330 'javax.inject.Inject' annotation found and supported for autowiring
2017-12-06 09:28:14,239 [main] WARN  org.mule.config.spring.MuleArtifactContext - Exception encountered during context initialization - cancelling refresh attempt: org.springframework.beans.factory.BeanCreationException: Error creating bean with name 'confFlow': Initialization of bean failed; nested exception is org.springframework.beans.ConversionNotSupportedException: Failed to convert property value of type [java.util.ArrayList] to required type [java.util.List] for property 'messageProcessors'; nested exception is java.lang.IllegalStateException: Cannot convert value of type [com.javaproject1.main] to required type [org.mule.api.processor.MessageProcessor] for property 'messageProcessors[0]': no matching editors or conversion strategy found
2017-12-06 09:28:14,269 [main] INFO  org.mule.lifecycle.AbstractLifecycleManager - Disposing RegistryBroker
2017-12-06 09:28:14,273 [main] ERROR org.mule.config.spring.SpringRegistry - Failed to shut down registry cleanly: org.mule.Registry.Spring
org.mule.api.lifecycle.LifecycleException: Failed to lookup beans of type interface org.mule.api.construct.FlowConstruct from the Spring registry
	at org.mule.lifecycle.AbstractLifecycleManager.invokePhase(AbstractLifecycleManager.java:164) ~[mule-core-3.9.0.jar:3.9.0]
	at org.mule.lifecycle.RegistryLifecycleManager.fireLifecycle(RegistryLifecycleManager.java:134) ~[mule-core-3.9.0.jar:3.9.0]
	at org.mule.registry.AbstractRegistry.dispose(AbstractRegistry.java:68) ~[mule-core-3.9.0.jar:3.9.0]
	at org.mule.registry.AbstractRegistryBroker$2.onTransition(AbstractRegistryBroker.java:69) ~[mule-core-3.9.0.jar:3.9.0]
	at org.mule.registry.AbstractRegistryBroker$2.onTransition(AbstractRegistryBroker.java:64) ~[mule-core-3.9.0.jar:3.9.0]
	at org.mule.lifecycle.AbstractLifecycleManager.invokePhase(AbstractLifecycleManager.java:146) ~[mule-core-3.9.0.jar:3.9.0]
	at org.mule.lifecycle.RegistryBrokerLifecycleManager.fireDisposePhase(RegistryBrokerLifecycleManager.java:82) ~[mule-core-3.9.0.jar:3.9.0]
	at org.mule.registry.AbstractRegistryBroker.dispose(AbstractRegistryBroker.java:63) ~[mule-core-3.9.0.jar:3.9.0]
	at org.mule.registry.MuleRegistryHelper.fireLifecycle(MuleRegistryHelper.java:137) ~[mule-core-3.9.0.jar:3.9.0]
	at org.mule.lifecycle.MuleContextLifecycleManager$MuleContextLifecycleCallback.onTransition(MuleContextLifecycleManager.java:74) ~[mule-core-3.9.0.jar:3.9.0]
	at org.mule.lifecycle.MuleContextLifecycleManager$MuleContextLifecycleCallback.onTransition(MuleContextLifecycleManager.java:70) ~[mule-core-3.9.0.jar:3.9.0]
	at org.mule.lifecycle.AbstractLifecycleManager.invokePhase(AbstractLifecycleManager.java:146) ~[mule-core-3.9.0.jar:3.9.0]
	at org.mule.lifecycle.MuleContextLifecycleManager.fireLifecycle(MuleContextLifecycleManager.java:62) ~[mule-core-3.9.0.jar:3.9.0]
	at org.mule.DefaultMuleContext.dispose(DefaultMuleContext.java:440) ~[mule-core-3.9.0.jar:3.9.0]
	at org.mule.context.DefaultMuleContextFactory.doCreateMuleContext(DefaultMuleContextFactory.java:230) ~[mule-core-3.9.0.jar:3.9.0]
	at org.mule.context.DefaultMuleContextFactory.createMuleContext(DefaultMuleContextFactory.java:81) ~[mule-core-3.9.0.jar:3.9.0]
	at org.mule.module.launcher.application.DefaultMuleApplication.init(DefaultMuleApplication.java:210) ~[mule-module-launcher-3.9.0.jar:3.9.0]
	at org.mule.module.launcher.artifact.ArtifactWrapper$2.execute(ArtifactWrapper.java:64) ~[mule-module-launcher-3.9.0.jar:3.9.0]
	at org.mule.module.launcher.artifact.ArtifactWrapper.executeWithinArtifactClassLoader(ArtifactWrapper.java:137) ~[mule-module-launcher-3.9.0.jar:3.9.0]
	at org.mule.module.launcher.artifact.ArtifactWrapper.init(ArtifactWrapper.java:59) ~[mule-module-launcher-3.9.0.jar:3.9.0]
	at org.mule.module.launcher.DefaultArtifactDeployer.deploy(DefaultArtifactDeployer.java:72) ~[mule-module-launcher-3.9.0.jar:3.9.0]
	at org.mule.module.launcher.DefaultArchiveDeployer.deployArtifact(DefaultArchiveDeployer.java:536) ~[mule-module-launcher-3.9.0.jar:3.9.0]
	at org.mule.module.launcher.DefaultArchiveDeployer.deployArtifact(DefaultArchiveDeployer.java:333) ~[mule-module-launcher-3.9.0.jar:3.9.0]
	at org.mule.module.launcher.DefaultArchiveDeployer.deployPackagedArtifact(DefaultArchiveDeployer.java:193) ~[mule-module-launcher-3.9.0.jar:3.9.0]
	at org.mule.module.launcher.DefaultArchiveDeployer.deployPackagedArtifact(DefaultArchiveDeployer.java:282) ~[mule-module-launcher-3.9.0.jar:3.9.0]
	at org.mule.module.launcher.DefaultArchiveDeployer.deployPackagedArtifact(DefaultArchiveDeployer.java:80) ~[mule-module-launcher-3.9.0.jar:3.9.0]
	at org.mule.module.launcher.DefaultArchiveDeployer.deployPackagedArtifact(DefaultArchiveDeployer.java:566) ~[mule-module-launcher-3.9.0.jar:3.9.0]
	at org.mule.module.launcher.DeploymentDirectoryWatcher.deployPackedApps(DeploymentDirectoryWatcher.java:283) ~[mule-module-launcher-3.9.0.jar:3.9.0]
	at org.mule.module.launcher.DeploymentDirectoryWatcher.start(DeploymentDirectoryWatcher.java:155) ~[mule-module-launcher-3.9.0.jar:3.9.0]
	at org.mule.module.launcher.MuleDeploymentService.start(MuleDeploymentService.java:139) ~[mule-module-launcher-3.9.0.jar:3.9.0]
	at org.mule.module.launcher.MuleContainer.start(MuleContainer.java:172) ~[mule-module-launcher-3.9.0.jar:3.9.0]
	at sun.reflect.NativeMethodAccessorImpl.invoke0(Native Method) ~[?:1.8.0_151]
	at sun.reflect.NativeMethodAccessorImpl.invoke(NativeMethodAccessorImpl.java:62) ~[?:1.8.0_151]
	at sun.reflect.DelegatingMethodAccessorImpl.invoke(DelegatingMethodAccessorImpl.java:43) ~[?:1.8.0_151]
	at java.lang.reflect.Method.invoke(Method.java:498) ~[?:1.8.0_151]
	at org.mule.tooling.server.application.ApplicationDeployer.main(ApplicationDeployer.java:33) ~[tooling-support-3.9.0.jar:?]
Caused by: org.mule.api.MuleRuntimeException: Failed to lookup beans of type interface org.mule.api.construct.FlowConstruct from the Spring registry
	at org.mule.config.spring.SpringRegistry.internalLookupByTypeWithoutAncestors(SpringRegistry.java:354) ~[mule-module-spring-config-3.9.0.jar:3.9.0]
	at org.mule.config.spring.SpringRegistry.lookupEntriesForLifecycle(SpringRegistry.java:368) ~[mule-module-spring-config-3.9.0.jar:3.9.0]
	at org.mule.config.spring.SpringRegistry.lookupObjectsForLifecycle(SpringRegistry.java:241) ~[mule-module-spring-config-3.9.0.jar:3.9.0]
	at org.mule.lifecycle.RegistryLifecycleCallback.lookupObjectsForLifecycle(RegistryLifecycleCallback.java:155) ~[mule-core-3.9.0.jar:3.9.0]
	at org.mule.lifecycle.RegistryLifecycleCallback.onTransition(RegistryLifecycleCallback.java:77) ~[mule-core-3.9.0.jar:3.9.0]
	at org.mule.lifecycle.AbstractLifecycleManager.invokePhase(AbstractLifecycleManager.java:146) ~[mule-core-3.9.0.jar:3.9.0]
	... 35 more
Caused by: org.springframework.beans.factory.BeanCreationException: Error creating bean with name 'confFlow': Cannot resolve reference to bean '_muleContext' while setting constructor argument; nested exception is org.springframework.beans.factory.NoSuchBeanDefinitionException: No bean named '_muleContext' is defined
	at org.springframework.beans.factory.support.BeanDefinitionValueResolver.resolveReference(BeanDefinitionValueResolver.java:359) ~[spring-beans-4.1.9.RELEASE.jar:4.1.9.RELEASE]
	at org.springframework.beans.factory.support.BeanDefinitionValueResolver.resolveValueIfNecessary(BeanDefinitionValueResolver.java:108) ~[spring-beans-4.1.9.RELEASE.jar:4.1.9.RELEASE]
	at org.springframework.beans.factory.support.ConstructorResolver.resolvePreparedArguments(ConstructorResolver.java:786) ~[spring-beans-4.1.9.RELEASE.jar:4.1.9.RELEASE]
	at org.springframework.beans.factory.support.ConstructorResolver.autowireConstructor(ConstructorResolver.java:123) ~[spring-beans-4.1.9.RELEASE.jar:4.1.9.RELEASE]
	at org.springframework.beans.factory.support.AbstractAutowireCapableBeanFactory.autowireConstructor(AbstractAutowireCapableBeanFactory.java:1137) ~[spring-beans-4.1.9.RELEASE.jar:4.1.9.RELEASE]
	at org.springframework.beans.factory.support.AbstractAutowireCapableBeanFactory.createBeanInstance(AbstractAutowireCapableBeanFactory.java:1028) ~[spring-beans-4.1.9.RELEASE.jar:4.1.9.RELEASE]
	at org.springframework.beans.factory.support.AbstractAutowireCapableBeanFactory.doCreateBean(AbstractAutowireCapableBeanFactory.java:504) ~[spring-beans-4.1.9.RELEASE.jar:4.1.9.RELEASE]
	at org.springframework.beans.factory.support.AbstractAutowireCapableBeanFactory.createBean(AbstractAutowireCapableBeanFactory.java:476) ~[spring-beans-4.1.9.RELEASE.jar:4.1.9.RELEASE]
	at org.springframework.beans.factory.support.AbstractBeanFactory$1.getObject(AbstractBeanFactory.java:303) ~[spring-beans-4.1.9.RELEASE.jar:4.1.9.RELEASE]
	at org.springframework.beans.factory.support.DefaultSingletonBeanRegistry.getSingleton(DefaultSingletonBeanRegistry.java:230) ~[spring-beans-4.1.9.RELEASE.jar:4.1.9.RELEASE]
	at org.springframework.beans.factory.support.AbstractBeanFactory.doGetBean(AbstractBeanFactory.java:299) ~[spring-beans-4.1.9.RELEASE.jar:4.1.9.RELEASE]
	at org.springframework.beans.factory.support.AbstractBeanFactory.getBean(AbstractBeanFactory.java:199) ~[spring-beans-4.1.9.RELEASE.jar:4.1.9.RELEASE]
	at org.springframework.beans.factory.support.DefaultListableBeanFactory.getBeansOfType(DefaultListableBeanFactory.java:515) ~[mule-module-spring-config-3.9.0.jar:4.1.9.RELEASE]
	at org.springframework.context.support.AbstractApplicationContext.getBeansOfType(AbstractApplicationContext.java:1067) ~[spring-context-4.1.9.RELEASE.jar:4.1.9.RELEASE]
	at org.mule.config.spring.SpringRegistry.internalLookupByTypeWithoutAncestors(SpringRegistry.java:348) ~[mule-module-spring-config-3.9.0.jar:3.9.0]
	at org.mule.config.spring.SpringRegistry.lookupEntriesForLifecycle(SpringRegistry.java:368) ~[mule-module-spring-config-3.9.0.jar:3.9.0]
	at org.mule.config.spring.SpringRegistry.lookupObjectsForLifecycle(SpringRegistry.java:241) ~[mule-module-spring-config-3.9.0.jar:3.9.0]
	at org.mule.lifecycle.RegistryLifecycleCallback.lookupObjectsForLifecycle(RegistryLifecycleCallback.java:155) ~[mule-core-3.9.0.jar:3.9.0]
	at org.mule.lifecycle.RegistryLifecycleCallback.onTransition(RegistryLifecycleCallback.java:77) ~[mule-core-3.9.0.jar:3.9.0]
	at org.mule.lifecycle.AbstractLifecycleManager.invokePhase(AbstractLifecycleManager.java:146) ~[mule-core-3.9.0.jar:3.9.0]
	... 35 more
Caused by: org.springframework.beans.factory.NoSuchBeanDefinitionException: No bean named '_muleContext' is defined
	at org.springframework.beans.factory.support.DefaultListableBeanFactory.getBeanDefinition(DefaultListableBeanFactory.java:683) ~[mule-module-spring-config-3.9.0.jar:4.1.9.RELEASE]
	at org.springframework.beans.factory.support.AbstractBeanFactory.getMergedLocalBeanDefinition(AbstractBeanFactory.java:1168) ~[spring-beans-4.1.9.RELEASE.jar:4.1.9.RELEASE]
	at org.springframework.beans.factory.support.AbstractBeanFactory.doGetBean(AbstractBeanFactory.java:281) ~[spring-beans-4.1.9.RELEASE.jar:4.1.9.RELEASE]
	at org.springframework.beans.factory.support.AbstractBeanFactory.getBean(AbstractBeanFactory.java:194) ~[spring-beans-4.1.9.RELEASE.jar:4.1.9.RELEASE]
	at org.springframework.beans.factory.support.BeanDefinitionValueResolver.resolveReference(BeanDefinitionValueResolver.java:351) ~[spring-beans-4.1.9.RELEASE.jar:4.1.9.RELEASE]
	at org.springframework.beans.factory.support.BeanDefinitionValueResolver.resolveValueIfNecessary(BeanDefinitionValueResolver.java:108) ~[spring-beans-4.1.9.RELEASE.jar:4.1.9.RELEASE]
	at org.springframework.beans.factory.support.ConstructorResolver.resolvePreparedArguments(ConstructorResolver.java:786) ~[spring-beans-4.1.9.RELEASE.jar:4.1.9.RELEASE]
	at org.springframework.beans.factory.support.ConstructorResolver.autowireConstructor(ConstructorResolver.java:123) ~[spring-beans-4.1.9.RELEASE.jar:4.1.9.RELEASE]
	at org.springframework.beans.factory.support.AbstractAutowireCapableBeanFactory.autowireConstructor(AbstractAutowireCapableBeanFactory.java:1137) ~[spring-beans-4.1.9.RELEASE.jar:4.1.9.RELEASE]
	at org.springframework.beans.factory.support.AbstractAutowireCapableBeanFactory.createBeanInstance(AbstractAutowireCapableBeanFactory.java:1028) ~[spring-beans-4.1.9.RELEASE.jar:4.1.9.RELEASE]
	at org.springframework.beans.factory.support.AbstractAutowireCapableBeanFactory.doCreateBean(AbstractAutowireCapableBeanFactory.java:504) ~[spring-beans-4.1.9.RELEASE.jar:4.1.9.RELEASE]
	at org.springframework.beans.factory.support.AbstractAutowireCapableBeanFactory.createBean(AbstractAutowireCapableBeanFactory.java:476) ~[spring-beans-4.1.9.RELEASE.jar:4.1.9.RELEASE]
	at org.springframework.beans.factory.support.AbstractBeanFactory$1.getObject(AbstractBeanFactory.java:303) ~[spring-beans-4.1.9.RELEASE.jar:4.1.9.RELEASE]
	at org.springframework.beans.factory.support.DefaultSingletonBeanRegistry.getSingleton(DefaultSingletonBeanRegistry.java:230) ~[spring-beans-4.1.9.RELEASE.jar:4.1.9.RELEASE]
	at org.springframework.beans.factory.support.AbstractBeanFactory.doGetBean(AbstractBeanFactory.java:299) ~[spring-beans-4.1.9.RELEASE.jar:4.1.9.RELEASE]
	at org.springframework.beans.factory.support.AbstractBeanFactory.getBean(AbstractBeanFactory.java:199) ~[spring-beans-4.1.9.RELEASE.jar:4.1.9.RELEASE]
	at org.springframework.beans.factory.support.DefaultListableBeanFactory.getBeansOfType(DefaultListableBeanFactory.java:515) ~[mule-module-spring-config-3.9.0.jar:4.1.9.RELEASE]
	at org.springframework.context.support.AbstractApplicationContext.getBeansOfType(AbstractApplicationContext.java:1067) ~[spring-context-4.1.9.RELEASE.jar:4.1.9.RELEASE]
	at org.mule.config.spring.SpringRegistry.internalLookupByTypeWithoutAncestors(SpringRegistry.java:348) ~[mule-module-spring-config-3.9.0.jar:3.9.0]
	at org.mule.config.spring.SpringRegistry.lookupEntriesForLifecycle(SpringRegistry.java:368) ~[mule-module-spring-config-3.9.0.jar:3.9.0]
	at org.mule.config.spring.SpringRegistry.lookupObjectsForLifecycle(SpringRegistry.java:241) ~[mule-module-spring-config-3.9.0.jar:3.9.0]
	at org.mule.lifecycle.RegistryLifecycleCallback.lookupObjectsForLifecycle(RegistryLifecycleCallback.java:155) ~[mule-core-3.9.0.jar:3.9.0]
	at org.mule.lifecycle.RegistryLifecycleCallback.onTransition(RegistryLifecycleCallback.java:77) ~[mule-core-3.9.0.jar:3.9.0]
	at org.mule.lifecycle.AbstractLifecycleManager.invokePhase(AbstractLifecycleManager.java:146) ~[mule-core-3.9.0.jar:3.9.0]
	... 35 more
2017-12-06 09:28:14,321 [main] ERROR org.mule.module.launcher.application.DefaultMuleApplication - null
java.lang.IllegalStateException: Cannot convert value of type [com.javaproject1.main] to required type [org.mule.api.processor.MessageProcessor] for property 'messageProcessors[0]': no matching editors or conversion strategy found
	at org.springframework.beans.TypeConverterDelegate.convertIfNecessary(TypeConverterDelegate.java:287) ~[spring-beans-4.1.9.RELEASE.jar:4.1.9.RELEASE]
	at org.springframework.beans.TypeConverterDelegate.convertToTypedCollection(TypeConverterDelegate.java:556) ~[spring-beans-4.1.9.RELEASE.jar:4.1.9.RELEASE]
	at org.springframework.beans.TypeConverterDelegate.convertIfNecessary(TypeConverterDelegate.java:216) ~[spring-beans-4.1.9.RELEASE.jar:4.1.9.RELEASE]
	at org.springframework.beans.BeanWrapperImpl.convertIfNecessary(BeanWrapperImpl.java:461) ~[spring-beans-4.1.9.RELEASE.jar:4.1.9.RELEASE]
	at org.springframework.beans.BeanWrapperImpl.convertForProperty(BeanWrapperImpl.java:512) ~[spring-beans-4.1.9.RELEASE.jar:4.1.9.RELEASE]
	at org.springframework.beans.BeanWrapperImpl.convertForProperty(BeanWrapperImpl.java:506) ~[spring-beans-4.1.9.RELEASE.jar:4.1.9.RELEASE]
	at org.springframework.beans.factory.support.AbstractAutowireCapableBeanFactory.convertForProperty(AbstractAutowireCapableBeanFactory.java:1521) ~[spring-beans-4.1.9.RELEASE.jar:4.1.9.RELEASE]
	at org.springframework.beans.factory.support.AbstractAutowireCapableBeanFactory.applyPropertyValues(AbstractAutowireCapableBeanFactory.java:1480) ~[spring-beans-4.1.9.RELEASE.jar:4.1.9.RELEASE]
	at org.springframework.beans.factory.support.AbstractAutowireCapableBeanFactory.populateBean(AbstractAutowireCapableBeanFactory.java:1220) ~[spring-beans-4.1.9.RELEASE.jar:4.1.9.RELEASE]
	at org.springframework.beans.factory.support.AbstractAutowireCapableBeanFactory.doCreateBean(AbstractAutowireCapableBeanFactory.java:537) ~[spring-beans-4.1.9.RELEASE.jar:4.1.9.RELEASE]
	at org.springframework.beans.factory.support.AbstractAutowireCapableBeanFactory.createBean(AbstractAutowireCapableBeanFactory.java:476) ~[spring-beans-4.1.9.RELEASE.jar:4.1.9.RELEASE]
	at org.springframework.beans.factory.support.AbstractBeanFactory$1.getObject(AbstractBeanFactory.java:303) ~[spring-beans-4.1.9.RELEASE.jar:4.1.9.RELEASE]
	at org.springframework.beans.factory.support.DefaultSingletonBeanRegistry.getSingleton(DefaultSingletonBeanRegistry.java:230) ~[spring-beans-4.1.9.RELEASE.jar:4.1.9.RELEASE]
	at org.springframework.beans.factory.support.AbstractBeanFactory.doGetBean(AbstractBeanFactory.java:299) ~[spring-beans-4.1.9.RELEASE.jar:4.1.9.RELEASE]
	at org.springframework.beans.factory.support.AbstractBeanFactory.getBean(AbstractBeanFactory.java:194) ~[spring-beans-4.1.9.RELEASE.jar:4.1.9.RELEASE]
	at org.springframework.beans.factory.support.DefaultListableBeanFactory.preInstantiateSingletons(DefaultListableBeanFactory.java:753) ~[mule-module-spring-config-3.9.0.jar:4.1.9.RELEASE]
	at org.springframework.context.support.AbstractApplicationContext.finishBeanFactoryInitialization(AbstractApplicationContext.java:762) ~[spring-context-4.1.9.RELEASE.jar:4.1.9.RELEASE]
	at org.springframework.context.support.AbstractApplicationContext.refresh(AbstractApplicationContext.java:480) ~[spring-context-4.1.9.RELEASE.jar:4.1.9.RELEASE]
	at org.mule.config.spring.SpringRegistry.doInitialise(SpringRegistry.java:108) ~[mule-module-spring-config-3.9.0.jar:3.9.0]
	at org.mule.registry.AbstractRegistry.initialise(AbstractRegistry.java:104) ~[mule-core-3.9.0.jar:3.9.0]
	at org.mule.config.spring.SpringXmlConfigurationBuilder.createSpringRegistry(SpringXmlConfigurationBuilder.java:177) ~[mule-module-spring-config-3.9.0.jar:3.9.0]
	at org.mule.config.spring.SpringXmlConfigurationBuilder.doConfigure(SpringXmlConfigurationBuilder.java:100) ~[mule-module-spring-config-3.9.0.jar:3.9.0]
	at org.mule.config.builders.AbstractConfigurationBuilder.configure(AbstractConfigurationBuilder.java:43) ~[mule-core-3.9.0.jar:3.9.0]
	at org.mule.config.builders.AbstractResourceConfigurationBuilder.configure(AbstractResourceConfigurationBuilder.java:69) ~[mule-core-3.9.0.jar:3.9.0]
	at org.mule.config.builders.AutoConfigurationBuilder.autoConfigure(AutoConfigurationBuilder.java:102) ~[mule-core-3.9.0.jar:3.9.0]
	at org.mule.config.builders.AutoConfigurationBuilder.doConfigure(AutoConfigurationBuilder.java:54) ~[mule-core-3.9.0.jar:3.9.0]
	at org.mule.config.builders.AbstractConfigurationBuilder.configure(AbstractConfigurationBuilder.java:43) ~[mule-core-3.9.0.jar:3.9.0]
	at org.mule.config.builders.AbstractResourceConfigurationBuilder.configure(AbstractResourceConfigurationBuilder.java:69) ~[mule-core-3.9.0.jar:3.9.0]
	at org.mule.context.DefaultMuleContextFactory$1.configure(DefaultMuleContextFactory.java:89) ~[mule-core-3.9.0.jar:3.9.0]
	at org.mule.context.DefaultMuleContextFactory.doCreateMuleContext(DefaultMuleContextFactory.java:222) ~[mule-core-3.9.0.jar:3.9.0]
	at org.mule.context.DefaultMuleContextFactory.createMuleContext(DefaultMuleContextFactory.java:81) ~[mule-core-3.9.0.jar:3.9.0]
	at org.mule.module.launcher.application.DefaultMuleApplication.init(DefaultMuleApplication.java:210) ~[mule-module-launcher-3.9.0.jar:3.9.0]
	at org.mule.module.launcher.artifact.ArtifactWrapper$2.execute(ArtifactWrapper.java:64) ~[mule-module-launcher-3.9.0.jar:3.9.0]
	at org.mule.module.launcher.artifact.ArtifactWrapper.executeWithinArtifactClassLoader(ArtifactWrapper.java:137) ~[mule-module-launcher-3.9.0.jar:3.9.0]
	at org.mule.module.launcher.artifact.ArtifactWrapper.init(ArtifactWrapper.java:59) ~[mule-module-launcher-3.9.0.jar:3.9.0]
	at org.mule.module.launcher.DefaultArtifactDeployer.deploy(DefaultArtifactDeployer.java:72) ~[mule-module-launcher-3.9.0.jar:3.9.0]
	at org.mule.module.launcher.DefaultArchiveDeployer.deployArtifact(DefaultArchiveDeployer.java:536) ~[mule-module-launcher-3.9.0.jar:3.9.0]
	at org.mule.module.launcher.DefaultArchiveDeployer.deployArtifact(DefaultArchiveDeployer.java:333) ~[mule-module-launcher-3.9.0.jar:3.9.0]
	at org.mule.module.launcher.DefaultArchiveDeployer.deployPackagedArtifact(DefaultArchiveDeployer.java:193) ~[mule-module-launcher-3.9.0.jar:3.9.0]
	at org.mule.module.launcher.DefaultArchiveDeployer.deployPackagedArtifact(DefaultArchiveDeployer.java:282) ~[mule-module-launcher-3.9.0.jar:3.9.0]
	at org.mule.module.launcher.DefaultArchiveDeployer.deployPackagedArtifact(DefaultArchiveDeployer.java:80) ~[mule-module-launcher-3.9.0.jar:3.9.0]
	at org.mule.module.launcher.DefaultArchiveDeployer.deployPackagedArtifact(DefaultArchiveDeployer.java:566) ~[mule-module-launcher-3.9.0.jar:3.9.0]
	at org.mule.module.launcher.DeploymentDirectoryWatcher.deployPackedApps(DeploymentDirectoryWatcher.java:283) ~[mule-module-launcher-3.9.0.jar:3.9.0]
	at org.mule.module.launcher.DeploymentDirectoryWatcher.start(DeploymentDirectoryWatcher.java:155) ~[mule-module-launcher-3.9.0.jar:3.9.0]
	at org.mule.module.launcher.MuleDeploymentService.start(MuleDeploymentService.java:139) ~[mule-module-launcher-3.9.0.jar:3.9.0]
	at org.mule.module.launcher.MuleContainer.start(MuleContainer.java:172) ~[mule-module-launcher-3.9.0.jar:3.9.0]
	at sun.reflect.NativeMethodAccessorImpl.invoke0(Native Method) ~[?:1.8.0_151]
	at sun.reflect.NativeMethodAccessorImpl.invoke(NativeMethodAccessorImpl.java:62) ~[?:1.8.0_151]
	at sun.reflect.DelegatingMethodAccessorImpl.invoke(DelegatingMethodAccessorImpl.java:43) ~[?:1.8.0_151]
	at java.lang.reflect.Method.invoke(Method.java:498) ~[?:1.8.0_151]
	at org.mule.tooling.server.application.ApplicationDeployer.main(ApplicationDeployer.java:33) ~[tooling-support-3.9.0.jar:?]
2017-12-06 09:28:14,329 [main] INFO  org.mule.module.launcher.application.DefaultMuleApplication - App 'project1' never started, nothing to dispose of
2017-12-06 09:30:43,975 [main] INFO  org.mule.module.launcher.application.DefaultMuleApplication - 
++++++++++++++++++++++++++++++++++++++++++++++++++++++++++++
+ Initializing app 'project1'                              +
++++++++++++++++++++++++++++++++++++++++++++++++++++++++++++
2017-12-06 09:30:44,197 [main] INFO  org.mule.lifecycle.AbstractLifecycleManager - Initialising RegistryBroker
2017-12-06 09:30:44,394 [main] INFO  org.mule.module.extension.internal.manager.DefaultExtensionManager - Starting discovery of extensions
2017-12-06 09:30:44,619 [main] INFO  org.mule.module.extension.internal.manager.DefaultExtensionManager - Discovered 1 extensions
2017-12-06 09:30:44,620 [main] INFO  org.mule.module.extension.internal.manager.DefaultExtensionManager - Registering extension validation (version 3.9)
2017-12-06 09:30:44,726 [main] INFO  org.mule.config.spring.MuleArtifactContext - Refreshing org.mule.config.spring.MuleArtifactContext@4a9e6faf: startup date [Wed Dec 06 09:30:44 PST 2017]; root of context hierarchy
2017-12-06 09:30:46,786 [main] INFO  org.mule.config.spring.processors.NoDevkitInjectorProcessor - JSR-330 'javax.inject.Inject' annotation found and supported for autowiring
2017-12-06 09:30:47,648 [main] WARN  org.mule.config.spring.MuleArtifactContext - Exception encountered during context initialization - cancelling refresh attempt: org.springframework.beans.factory.BeanCreationException: Error creating bean with name 'confFlow': Initialization of bean failed; nested exception is org.springframework.beans.ConversionNotSupportedException: Failed to convert property value of type [java.util.ArrayList] to required type [java.util.List] for property 'messageProcessors'; nested exception is java.lang.IllegalStateException: Cannot convert value of type [com.javaproject1.main] to required type [org.mule.api.processor.MessageProcessor] for property 'messageProcessors[0]': no matching editors or conversion strategy found
2017-12-06 09:30:47,670 [main] INFO  org.mule.lifecycle.AbstractLifecycleManager - Disposing RegistryBroker
2017-12-06 09:30:47,674 [main] ERROR org.mule.config.spring.SpringRegistry - Failed to shut down registry cleanly: org.mule.Registry.Spring
org.mule.api.lifecycle.LifecycleException: Failed to lookup beans of type interface org.mule.api.construct.FlowConstruct from the Spring registry
	at org.mule.lifecycle.AbstractLifecycleManager.invokePhase(AbstractLifecycleManager.java:164) ~[mule-core-3.9.0.jar:3.9.0]
	at org.mule.lifecycle.RegistryLifecycleManager.fireLifecycle(RegistryLifecycleManager.java:134) ~[mule-core-3.9.0.jar:3.9.0]
	at org.mule.registry.AbstractRegistry.dispose(AbstractRegistry.java:68) ~[mule-core-3.9.0.jar:3.9.0]
	at org.mule.registry.AbstractRegistryBroker$2.onTransition(AbstractRegistryBroker.java:69) ~[mule-core-3.9.0.jar:3.9.0]
	at org.mule.registry.AbstractRegistryBroker$2.onTransition(AbstractRegistryBroker.java:64) ~[mule-core-3.9.0.jar:3.9.0]
	at org.mule.lifecycle.AbstractLifecycleManager.invokePhase(AbstractLifecycleManager.java:146) ~[mule-core-3.9.0.jar:3.9.0]
	at org.mule.lifecycle.RegistryBrokerLifecycleManager.fireDisposePhase(RegistryBrokerLifecycleManager.java:82) ~[mule-core-3.9.0.jar:3.9.0]
	at org.mule.registry.AbstractRegistryBroker.dispose(AbstractRegistryBroker.java:63) ~[mule-core-3.9.0.jar:3.9.0]
	at org.mule.registry.MuleRegistryHelper.fireLifecycle(MuleRegistryHelper.java:137) ~[mule-core-3.9.0.jar:3.9.0]
	at org.mule.lifecycle.MuleContextLifecycleManager$MuleContextLifecycleCallback.onTransition(MuleContextLifecycleManager.java:74) ~[mule-core-3.9.0.jar:3.9.0]
	at org.mule.lifecycle.MuleContextLifecycleManager$MuleContextLifecycleCallback.onTransition(MuleContextLifecycleManager.java:70) ~[mule-core-3.9.0.jar:3.9.0]
	at org.mule.lifecycle.AbstractLifecycleManager.invokePhase(AbstractLifecycleManager.java:146) ~[mule-core-3.9.0.jar:3.9.0]
	at org.mule.lifecycle.MuleContextLifecycleManager.fireLifecycle(MuleContextLifecycleManager.java:62) ~[mule-core-3.9.0.jar:3.9.0]
	at org.mule.DefaultMuleContext.dispose(DefaultMuleContext.java:440) ~[mule-core-3.9.0.jar:3.9.0]
	at org.mule.context.DefaultMuleContextFactory.doCreateMuleContext(DefaultMuleContextFactory.java:230) ~[mule-core-3.9.0.jar:3.9.0]
	at org.mule.context.DefaultMuleContextFactory.createMuleContext(DefaultMuleContextFactory.java:81) ~[mule-core-3.9.0.jar:3.9.0]
	at org.mule.module.launcher.application.DefaultMuleApplication.init(DefaultMuleApplication.java:210) ~[mule-module-launcher-3.9.0.jar:3.9.0]
	at org.mule.module.launcher.artifact.ArtifactWrapper$2.execute(ArtifactWrapper.java:64) ~[mule-module-launcher-3.9.0.jar:3.9.0]
	at org.mule.module.launcher.artifact.ArtifactWrapper.executeWithinArtifactClassLoader(ArtifactWrapper.java:137) ~[mule-module-launcher-3.9.0.jar:3.9.0]
	at org.mule.module.launcher.artifact.ArtifactWrapper.init(ArtifactWrapper.java:59) ~[mule-module-launcher-3.9.0.jar:3.9.0]
	at org.mule.module.launcher.DefaultArtifactDeployer.deploy(DefaultArtifactDeployer.java:72) ~[mule-module-launcher-3.9.0.jar:3.9.0]
	at org.mule.module.launcher.DefaultArchiveDeployer.deployArtifact(DefaultArchiveDeployer.java:536) ~[mule-module-launcher-3.9.0.jar:3.9.0]
	at org.mule.module.launcher.DefaultArchiveDeployer.deployArtifact(DefaultArchiveDeployer.java:333) ~[mule-module-launcher-3.9.0.jar:3.9.0]
	at org.mule.module.launcher.DefaultArchiveDeployer.deployPackagedArtifact(DefaultArchiveDeployer.java:193) ~[mule-module-launcher-3.9.0.jar:3.9.0]
	at org.mule.module.launcher.DefaultArchiveDeployer.deployPackagedArtifact(DefaultArchiveDeployer.java:282) ~[mule-module-launcher-3.9.0.jar:3.9.0]
	at org.mule.module.launcher.DefaultArchiveDeployer.deployPackagedArtifact(DefaultArchiveDeployer.java:80) ~[mule-module-launcher-3.9.0.jar:3.9.0]
	at org.mule.module.launcher.DefaultArchiveDeployer.deployPackagedArtifact(DefaultArchiveDeployer.java:566) ~[mule-module-launcher-3.9.0.jar:3.9.0]
	at org.mule.module.launcher.DeploymentDirectoryWatcher.deployPackedApps(DeploymentDirectoryWatcher.java:283) ~[mule-module-launcher-3.9.0.jar:3.9.0]
	at org.mule.module.launcher.DeploymentDirectoryWatcher.start(DeploymentDirectoryWatcher.java:155) ~[mule-module-launcher-3.9.0.jar:3.9.0]
	at org.mule.module.launcher.MuleDeploymentService.start(MuleDeploymentService.java:139) ~[mule-module-launcher-3.9.0.jar:3.9.0]
	at org.mule.module.launcher.MuleContainer.start(MuleContainer.java:172) ~[mule-module-launcher-3.9.0.jar:3.9.0]
	at sun.reflect.NativeMethodAccessorImpl.invoke0(Native Method) ~[?:1.8.0_151]
	at sun.reflect.NativeMethodAccessorImpl.invoke(NativeMethodAccessorImpl.java:62) ~[?:1.8.0_151]
	at sun.reflect.DelegatingMethodAccessorImpl.invoke(DelegatingMethodAccessorImpl.java:43) ~[?:1.8.0_151]
	at java.lang.reflect.Method.invoke(Method.java:498) ~[?:1.8.0_151]
	at org.mule.tooling.server.application.ApplicationDeployer.main(ApplicationDeployer.java:33) ~[tooling-support-3.9.0.jar:?]
Caused by: org.mule.api.MuleRuntimeException: Failed to lookup beans of type interface org.mule.api.construct.FlowConstruct from the Spring registry
	at org.mule.config.spring.SpringRegistry.internalLookupByTypeWithoutAncestors(SpringRegistry.java:354) ~[mule-module-spring-config-3.9.0.jar:3.9.0]
	at org.mule.config.spring.SpringRegistry.lookupEntriesForLifecycle(SpringRegistry.java:368) ~[mule-module-spring-config-3.9.0.jar:3.9.0]
	at org.mule.config.spring.SpringRegistry.lookupObjectsForLifecycle(SpringRegistry.java:241) ~[mule-module-spring-config-3.9.0.jar:3.9.0]
	at org.mule.lifecycle.RegistryLifecycleCallback.lookupObjectsForLifecycle(RegistryLifecycleCallback.java:155) ~[mule-core-3.9.0.jar:3.9.0]
	at org.mule.lifecycle.RegistryLifecycleCallback.onTransition(RegistryLifecycleCallback.java:77) ~[mule-core-3.9.0.jar:3.9.0]
	at org.mule.lifecycle.AbstractLifecycleManager.invokePhase(AbstractLifecycleManager.java:146) ~[mule-core-3.9.0.jar:3.9.0]
	... 35 more
Caused by: org.springframework.beans.factory.BeanCreationException: Error creating bean with name 'confFlow': Cannot resolve reference to bean '_muleContext' while setting constructor argument; nested exception is org.springframework.beans.factory.NoSuchBeanDefinitionException: No bean named '_muleContext' is defined
	at org.springframework.beans.factory.support.BeanDefinitionValueResolver.resolveReference(BeanDefinitionValueResolver.java:359) ~[spring-beans-4.1.9.RELEASE.jar:4.1.9.RELEASE]
	at org.springframework.beans.factory.support.BeanDefinitionValueResolver.resolveValueIfNecessary(BeanDefinitionValueResolver.java:108) ~[spring-beans-4.1.9.RELEASE.jar:4.1.9.RELEASE]
	at org.springframework.beans.factory.support.ConstructorResolver.resolvePreparedArguments(ConstructorResolver.java:786) ~[spring-beans-4.1.9.RELEASE.jar:4.1.9.RELEASE]
	at org.springframework.beans.factory.support.ConstructorResolver.autowireConstructor(ConstructorResolver.java:123) ~[spring-beans-4.1.9.RELEASE.jar:4.1.9.RELEASE]
	at org.springframework.beans.factory.support.AbstractAutowireCapableBeanFactory.autowireConstructor(AbstractAutowireCapableBeanFactory.java:1137) ~[spring-beans-4.1.9.RELEASE.jar:4.1.9.RELEASE]
	at org.springframework.beans.factory.support.AbstractAutowireCapableBeanFactory.createBeanInstance(AbstractAutowireCapableBeanFactory.java:1028) ~[spring-beans-4.1.9.RELEASE.jar:4.1.9.RELEASE]
	at org.springframework.beans.factory.support.AbstractAutowireCapableBeanFactory.doCreateBean(AbstractAutowireCapableBeanFactory.java:504) ~[spring-beans-4.1.9.RELEASE.jar:4.1.9.RELEASE]
	at org.springframework.beans.factory.support.AbstractAutowireCapableBeanFactory.createBean(AbstractAutowireCapableBeanFactory.java:476) ~[spring-beans-4.1.9.RELEASE.jar:4.1.9.RELEASE]
	at org.springframework.beans.factory.support.AbstractBeanFactory$1.getObject(AbstractBeanFactory.java:303) ~[spring-beans-4.1.9.RELEASE.jar:4.1.9.RELEASE]
	at org.springframework.beans.factory.support.DefaultSingletonBeanRegistry.getSingleton(DefaultSingletonBeanRegistry.java:230) ~[spring-beans-4.1.9.RELEASE.jar:4.1.9.RELEASE]
	at org.springframework.beans.factory.support.AbstractBeanFactory.doGetBean(AbstractBeanFactory.java:299) ~[spring-beans-4.1.9.RELEASE.jar:4.1.9.RELEASE]
	at org.springframework.beans.factory.support.AbstractBeanFactory.getBean(AbstractBeanFactory.java:199) ~[spring-beans-4.1.9.RELEASE.jar:4.1.9.RELEASE]
	at org.springframework.beans.factory.support.DefaultListableBeanFactory.getBeansOfType(DefaultListableBeanFactory.java:515) ~[mule-module-spring-config-3.9.0.jar:4.1.9.RELEASE]
	at org.springframework.context.support.AbstractApplicationContext.getBeansOfType(AbstractApplicationContext.java:1067) ~[spring-context-4.1.9.RELEASE.jar:4.1.9.RELEASE]
	at org.mule.config.spring.SpringRegistry.internalLookupByTypeWithoutAncestors(SpringRegistry.java:348) ~[mule-module-spring-config-3.9.0.jar:3.9.0]
	at org.mule.config.spring.SpringRegistry.lookupEntriesForLifecycle(SpringRegistry.java:368) ~[mule-module-spring-config-3.9.0.jar:3.9.0]
	at org.mule.config.spring.SpringRegistry.lookupObjectsForLifecycle(SpringRegistry.java:241) ~[mule-module-spring-config-3.9.0.jar:3.9.0]
	at org.mule.lifecycle.RegistryLifecycleCallback.lookupObjectsForLifecycle(RegistryLifecycleCallback.java:155) ~[mule-core-3.9.0.jar:3.9.0]
	at org.mule.lifecycle.RegistryLifecycleCallback.onTransition(RegistryLifecycleCallback.java:77) ~[mule-core-3.9.0.jar:3.9.0]
	at org.mule.lifecycle.AbstractLifecycleManager.invokePhase(AbstractLifecycleManager.java:146) ~[mule-core-3.9.0.jar:3.9.0]
	... 35 more
Caused by: org.springframework.beans.factory.NoSuchBeanDefinitionException: No bean named '_muleContext' is defined
	at org.springframework.beans.factory.support.DefaultListableBeanFactory.getBeanDefinition(DefaultListableBeanFactory.java:683) ~[mule-module-spring-config-3.9.0.jar:4.1.9.RELEASE]
	at org.springframework.beans.factory.support.AbstractBeanFactory.getMergedLocalBeanDefinition(AbstractBeanFactory.java:1168) ~[spring-beans-4.1.9.RELEASE.jar:4.1.9.RELEASE]
	at org.springframework.beans.factory.support.AbstractBeanFactory.doGetBean(AbstractBeanFactory.java:281) ~[spring-beans-4.1.9.RELEASE.jar:4.1.9.RELEASE]
	at org.springframework.beans.factory.support.AbstractBeanFactory.getBean(AbstractBeanFactory.java:194) ~[spring-beans-4.1.9.RELEASE.jar:4.1.9.RELEASE]
	at org.springframework.beans.factory.support.BeanDefinitionValueResolver.resolveReference(BeanDefinitionValueResolver.java:351) ~[spring-beans-4.1.9.RELEASE.jar:4.1.9.RELEASE]
	at org.springframework.beans.factory.support.BeanDefinitionValueResolver.resolveValueIfNecessary(BeanDefinitionValueResolver.java:108) ~[spring-beans-4.1.9.RELEASE.jar:4.1.9.RELEASE]
	at org.springframework.beans.factory.support.ConstructorResolver.resolvePreparedArguments(ConstructorResolver.java:786) ~[spring-beans-4.1.9.RELEASE.jar:4.1.9.RELEASE]
	at org.springframework.beans.factory.support.ConstructorResolver.autowireConstructor(ConstructorResolver.java:123) ~[spring-beans-4.1.9.RELEASE.jar:4.1.9.RELEASE]
	at org.springframework.beans.factory.support.AbstractAutowireCapableBeanFactory.autowireConstructor(AbstractAutowireCapableBeanFactory.java:1137) ~[spring-beans-4.1.9.RELEASE.jar:4.1.9.RELEASE]
	at org.springframework.beans.factory.support.AbstractAutowireCapableBeanFactory.createBeanInstance(AbstractAutowireCapableBeanFactory.java:1028) ~[spring-beans-4.1.9.RELEASE.jar:4.1.9.RELEASE]
	at org.springframework.beans.factory.support.AbstractAutowireCapableBeanFactory.doCreateBean(AbstractAutowireCapableBeanFactory.java:504) ~[spring-beans-4.1.9.RELEASE.jar:4.1.9.RELEASE]
	at org.springframework.beans.factory.support.AbstractAutowireCapableBeanFactory.createBean(AbstractAutowireCapableBeanFactory.java:476) ~[spring-beans-4.1.9.RELEASE.jar:4.1.9.RELEASE]
	at org.springframework.beans.factory.support.AbstractBeanFactory$1.getObject(AbstractBeanFactory.java:303) ~[spring-beans-4.1.9.RELEASE.jar:4.1.9.RELEASE]
	at org.springframework.beans.factory.support.DefaultSingletonBeanRegistry.getSingleton(DefaultSingletonBeanRegistry.java:230) ~[spring-beans-4.1.9.RELEASE.jar:4.1.9.RELEASE]
	at org.springframework.beans.factory.support.AbstractBeanFactory.doGetBean(AbstractBeanFactory.java:299) ~[spring-beans-4.1.9.RELEASE.jar:4.1.9.RELEASE]
	at org.springframework.beans.factory.support.AbstractBeanFactory.getBean(AbstractBeanFactory.java:199) ~[spring-beans-4.1.9.RELEASE.jar:4.1.9.RELEASE]
	at org.springframework.beans.factory.support.DefaultListableBeanFactory.getBeansOfType(DefaultListableBeanFactory.java:515) ~[mule-module-spring-config-3.9.0.jar:4.1.9.RELEASE]
	at org.springframework.context.support.AbstractApplicationContext.getBeansOfType(AbstractApplicationContext.java:1067) ~[spring-context-4.1.9.RELEASE.jar:4.1.9.RELEASE]
	at org.mule.config.spring.SpringRegistry.internalLookupByTypeWithoutAncestors(SpringRegistry.java:348) ~[mule-module-spring-config-3.9.0.jar:3.9.0]
	at org.mule.config.spring.SpringRegistry.lookupEntriesForLifecycle(SpringRegistry.java:368) ~[mule-module-spring-config-3.9.0.jar:3.9.0]
	at org.mule.config.spring.SpringRegistry.lookupObjectsForLifecycle(SpringRegistry.java:241) ~[mule-module-spring-config-3.9.0.jar:3.9.0]
	at org.mule.lifecycle.RegistryLifecycleCallback.lookupObjectsForLifecycle(RegistryLifecycleCallback.java:155) ~[mule-core-3.9.0.jar:3.9.0]
	at org.mule.lifecycle.RegistryLifecycleCallback.onTransition(RegistryLifecycleCallback.java:77) ~[mule-core-3.9.0.jar:3.9.0]
	at org.mule.lifecycle.AbstractLifecycleManager.invokePhase(AbstractLifecycleManager.java:146) ~[mule-core-3.9.0.jar:3.9.0]
	... 35 more
2017-12-06 09:30:47,700 [main] ERROR org.mule.module.launcher.application.DefaultMuleApplication - null
java.lang.IllegalStateException: Cannot convert value of type [com.javaproject1.main] to required type [org.mule.api.processor.MessageProcessor] for property 'messageProcessors[0]': no matching editors or conversion strategy found
	at org.springframework.beans.TypeConverterDelegate.convertIfNecessary(TypeConverterDelegate.java:287) ~[spring-beans-4.1.9.RELEASE.jar:4.1.9.RELEASE]
	at org.springframework.beans.TypeConverterDelegate.convertToTypedCollection(TypeConverterDelegate.java:556) ~[spring-beans-4.1.9.RELEASE.jar:4.1.9.RELEASE]
	at org.springframework.beans.TypeConverterDelegate.convertIfNecessary(TypeConverterDelegate.java:216) ~[spring-beans-4.1.9.RELEASE.jar:4.1.9.RELEASE]
	at org.springframework.beans.BeanWrapperImpl.convertIfNecessary(BeanWrapperImpl.java:461) ~[spring-beans-4.1.9.RELEASE.jar:4.1.9.RELEASE]
	at org.springframework.beans.BeanWrapperImpl.convertForProperty(BeanWrapperImpl.java:512) ~[spring-beans-4.1.9.RELEASE.jar:4.1.9.RELEASE]
	at org.springframework.beans.BeanWrapperImpl.convertForProperty(BeanWrapperImpl.java:506) ~[spring-beans-4.1.9.RELEASE.jar:4.1.9.RELEASE]
	at org.springframework.beans.factory.support.AbstractAutowireCapableBeanFactory.convertForProperty(AbstractAutowireCapableBeanFactory.java:1521) ~[spring-beans-4.1.9.RELEASE.jar:4.1.9.RELEASE]
	at org.springframework.beans.factory.support.AbstractAutowireCapableBeanFactory.applyPropertyValues(AbstractAutowireCapableBeanFactory.java:1480) ~[spring-beans-4.1.9.RELEASE.jar:4.1.9.RELEASE]
	at org.springframework.beans.factory.support.AbstractAutowireCapableBeanFactory.populateBean(AbstractAutowireCapableBeanFactory.java:1220) ~[spring-beans-4.1.9.RELEASE.jar:4.1.9.RELEASE]
	at org.springframework.beans.factory.support.AbstractAutowireCapableBeanFactory.doCreateBean(AbstractAutowireCapableBeanFactory.java:537) ~[spring-beans-4.1.9.RELEASE.jar:4.1.9.RELEASE]
	at org.springframework.beans.factory.support.AbstractAutowireCapableBeanFactory.createBean(AbstractAutowireCapableBeanFactory.java:476) ~[spring-beans-4.1.9.RELEASE.jar:4.1.9.RELEASE]
	at org.springframework.beans.factory.support.AbstractBeanFactory$1.getObject(AbstractBeanFactory.java:303) ~[spring-beans-4.1.9.RELEASE.jar:4.1.9.RELEASE]
	at org.springframework.beans.factory.support.DefaultSingletonBeanRegistry.getSingleton(DefaultSingletonBeanRegistry.java:230) ~[spring-beans-4.1.9.RELEASE.jar:4.1.9.RELEASE]
	at org.springframework.beans.factory.support.AbstractBeanFactory.doGetBean(AbstractBeanFactory.java:299) ~[spring-beans-4.1.9.RELEASE.jar:4.1.9.RELEASE]
	at org.springframework.beans.factory.support.AbstractBeanFactory.getBean(AbstractBeanFactory.java:194) ~[spring-beans-4.1.9.RELEASE.jar:4.1.9.RELEASE]
	at org.springframework.beans.factory.support.DefaultListableBeanFactory.preInstantiateSingletons(DefaultListableBeanFactory.java:753) ~[mule-module-spring-config-3.9.0.jar:4.1.9.RELEASE]
	at org.springframework.context.support.AbstractApplicationContext.finishBeanFactoryInitialization(AbstractApplicationContext.java:762) ~[spring-context-4.1.9.RELEASE.jar:4.1.9.RELEASE]
	at org.springframework.context.support.AbstractApplicationContext.refresh(AbstractApplicationContext.java:480) ~[spring-context-4.1.9.RELEASE.jar:4.1.9.RELEASE]
	at org.mule.config.spring.SpringRegistry.doInitialise(SpringRegistry.java:108) ~[mule-module-spring-config-3.9.0.jar:3.9.0]
	at org.mule.registry.AbstractRegistry.initialise(AbstractRegistry.java:104) ~[mule-core-3.9.0.jar:3.9.0]
	at org.mule.config.spring.SpringXmlConfigurationBuilder.createSpringRegistry(SpringXmlConfigurationBuilder.java:177) ~[mule-module-spring-config-3.9.0.jar:3.9.0]
	at org.mule.config.spring.SpringXmlConfigurationBuilder.doConfigure(SpringXmlConfigurationBuilder.java:100) ~[mule-module-spring-config-3.9.0.jar:3.9.0]
	at org.mule.config.builders.AbstractConfigurationBuilder.configure(AbstractConfigurationBuilder.java:43) ~[mule-core-3.9.0.jar:3.9.0]
	at org.mule.config.builders.AbstractResourceConfigurationBuilder.configure(AbstractResourceConfigurationBuilder.java:69) ~[mule-core-3.9.0.jar:3.9.0]
	at org.mule.config.builders.AutoConfigurationBuilder.autoConfigure(AutoConfigurationBuilder.java:102) ~[mule-core-3.9.0.jar:3.9.0]
	at org.mule.config.builders.AutoConfigurationBuilder.doConfigure(AutoConfigurationBuilder.java:54) ~[mule-core-3.9.0.jar:3.9.0]
	at org.mule.config.builders.AbstractConfigurationBuilder.configure(AbstractConfigurationBuilder.java:43) ~[mule-core-3.9.0.jar:3.9.0]
	at org.mule.config.builders.AbstractResourceConfigurationBuilder.configure(AbstractResourceConfigurationBuilder.java:69) ~[mule-core-3.9.0.jar:3.9.0]
	at org.mule.context.DefaultMuleContextFactory$1.configure(DefaultMuleContextFactory.java:89) ~[mule-core-3.9.0.jar:3.9.0]
	at org.mule.context.DefaultMuleContextFactory.doCreateMuleContext(DefaultMuleContextFactory.java:222) ~[mule-core-3.9.0.jar:3.9.0]
	at org.mule.context.DefaultMuleContextFactory.createMuleContext(DefaultMuleContextFactory.java:81) ~[mule-core-3.9.0.jar:3.9.0]
	at org.mule.module.launcher.application.DefaultMuleApplication.init(DefaultMuleApplication.java:210) ~[mule-module-launcher-3.9.0.jar:3.9.0]
	at org.mule.module.launcher.artifact.ArtifactWrapper$2.execute(ArtifactWrapper.java:64) ~[mule-module-launcher-3.9.0.jar:3.9.0]
	at org.mule.module.launcher.artifact.ArtifactWrapper.executeWithinArtifactClassLoader(ArtifactWrapper.java:137) ~[mule-module-launcher-3.9.0.jar:3.9.0]
	at org.mule.module.launcher.artifact.ArtifactWrapper.init(ArtifactWrapper.java:59) ~[mule-module-launcher-3.9.0.jar:3.9.0]
	at org.mule.module.launcher.DefaultArtifactDeployer.deploy(DefaultArtifactDeployer.java:72) ~[mule-module-launcher-3.9.0.jar:3.9.0]
	at org.mule.module.launcher.DefaultArchiveDeployer.deployArtifact(DefaultArchiveDeployer.java:536) ~[mule-module-launcher-3.9.0.jar:3.9.0]
	at org.mule.module.launcher.DefaultArchiveDeployer.deployArtifact(DefaultArchiveDeployer.java:333) ~[mule-module-launcher-3.9.0.jar:3.9.0]
	at org.mule.module.launcher.DefaultArchiveDeployer.deployPackagedArtifact(DefaultArchiveDeployer.java:193) ~[mule-module-launcher-3.9.0.jar:3.9.0]
	at org.mule.module.launcher.DefaultArchiveDeployer.deployPackagedArtifact(DefaultArchiveDeployer.java:282) ~[mule-module-launcher-3.9.0.jar:3.9.0]
	at org.mule.module.launcher.DefaultArchiveDeployer.deployPackagedArtifact(DefaultArchiveDeployer.java:80) ~[mule-module-launcher-3.9.0.jar:3.9.0]
	at org.mule.module.launcher.DefaultArchiveDeployer.deployPackagedArtifact(DefaultArchiveDeployer.java:566) ~[mule-module-launcher-3.9.0.jar:3.9.0]
	at org.mule.module.launcher.DeploymentDirectoryWatcher.deployPackedApps(DeploymentDirectoryWatcher.java:283) ~[mule-module-launcher-3.9.0.jar:3.9.0]
	at org.mule.module.launcher.DeploymentDirectoryWatcher.start(DeploymentDirectoryWatcher.java:155) ~[mule-module-launcher-3.9.0.jar:3.9.0]
	at org.mule.module.launcher.MuleDeploymentService.start(MuleDeploymentService.java:139) ~[mule-module-launcher-3.9.0.jar:3.9.0]
	at org.mule.module.launcher.MuleContainer.start(MuleContainer.java:172) ~[mule-module-launcher-3.9.0.jar:3.9.0]
	at sun.reflect.NativeMethodAccessorImpl.invoke0(Native Method) ~[?:1.8.0_151]
	at sun.reflect.NativeMethodAccessorImpl.invoke(NativeMethodAccessorImpl.java:62) ~[?:1.8.0_151]
	at sun.reflect.DelegatingMethodAccessorImpl.invoke(DelegatingMethodAccessorImpl.java:43) ~[?:1.8.0_151]
	at java.lang.reflect.Method.invoke(Method.java:498) ~[?:1.8.0_151]
	at org.mule.tooling.server.application.ApplicationDeployer.main(ApplicationDeployer.java:33) ~[tooling-support-3.9.0.jar:?]
2017-12-06 09:30:47,705 [main] INFO  org.mule.module.launcher.application.DefaultMuleApplication - App 'project1' never started, nothing to dispose of
2017-12-06 09:33:03,001 [Mule.app.deployer.monitor.1.thread.1] INFO  org.mule.module.launcher.application.DefaultMuleApplication - 
++++++++++++++++++++++++++++++++++++++++++++++++++++++++++++
+ Initializing app 'project1'                              +
++++++++++++++++++++++++++++++++++++++++++++++++++++++++++++
2017-12-06 09:33:03,011 [Mule.app.deployer.monitor.1.thread.1] INFO  org.mule.lifecycle.AbstractLifecycleManager - Initialising RegistryBroker
2017-12-06 09:33:03,018 [Mule.app.deployer.monitor.1.thread.1] INFO  org.mule.module.extension.internal.manager.DefaultExtensionManager - Starting discovery of extensions
2017-12-06 09:33:03,040 [Mule.app.deployer.monitor.1.thread.1] INFO  org.mule.module.extension.internal.manager.DefaultExtensionManager - Discovered 1 extensions
2017-12-06 09:33:03,040 [Mule.app.deployer.monitor.1.thread.1] INFO  org.mule.module.extension.internal.manager.DefaultExtensionManager - Registering extension validation (version 3.9)
2017-12-06 09:33:03,043 [Mule.app.deployer.monitor.1.thread.1] INFO  org.mule.config.spring.MuleArtifactContext - Refreshing org.mule.config.spring.MuleArtifactContext@80e9968: startup date [Wed Dec 06 09:33:03 PST 2017]; root of context hierarchy
2017-12-06 09:33:03,712 [Mule.app.deployer.monitor.1.thread.1] INFO  org.mule.config.spring.processors.NoDevkitInjectorProcessor - JSR-330 'javax.inject.Inject' annotation found and supported for autowiring
2017-12-06 09:33:04,460 [Mule.app.deployer.monitor.1.thread.1] WARN  org.mule.module.ognl.expression.OgnlExpressionEvaluator - OGNL module is deprecated and will be removed in Mule 4.0. Use MEL expressions instead.
2017-12-06 09:33:05,091 [Mule.app.deployer.monitor.1.thread.1] INFO  org.mule.util.journal.TransactionJournal - Using files for tx logs /home/fkiraz/AnypointStudio/workspace/.mule/./.mule/project1/queue-tx-log/tx1.log and /home/fkiraz/AnypointStudio/workspace/.mule/./.mule/project1/queue-tx-log/tx2.log
2017-12-06 09:33:05,119 [Mule.app.deployer.monitor.1.thread.1] INFO  org.mule.util.journal.TransactionJournal - Using files for tx logs /home/fkiraz/AnypointStudio/workspace/.mule/./.mule/project1/queue-xa-tx-log/tx1.log and /home/fkiraz/AnypointStudio/workspace/.mule/./.mule/project1/queue-xa-tx-log/tx2.log
2017-12-06 09:33:05,265 [Mule.app.deployer.monitor.1.thread.1] INFO  org.mule.lifecycle.AbstractLifecycleManager - Initialising model: _muleSystemModel
2017-12-06 09:33:05,271 [Mule.app.deployer.monitor.1.thread.1] INFO  org.mule.construct.FlowConstructLifecycleManager - Initialising flow: confFlow
2017-12-06 09:33:05,272 [Mule.app.deployer.monitor.1.thread.1] INFO  org.mule.exception.DefaultMessagingExceptionStrategy - Initialising exception listener: org.mule.exception.DefaultMessagingExceptionStrategy@3569f371
2017-12-06 09:33:05,341 [Mule.app.deployer.monitor.1.thread.1] INFO  org.mule.processor.SedaStageLifecycleManager - Initialising service: confFlow.stage1
2017-12-06 09:33:05,358 [Mule.app.deployer.monitor.1.thread.1] INFO  org.mule.component.ComponentLifecycleManager - Initialising component: component.801218161
2017-12-06 09:33:05,757 [Mule.app.deployer.monitor.1.thread.1] INFO  org.mule.config.spring.SpringXmlConfigurationBuilder - Configured Mule using "org.mule.config.spring.SpringXmlConfigurationBuilder" with configuration resource(s): "[ConfigResource{resourceName='/home/fkiraz/AnypointStudio/workspace/.mule/apps/project1/conf.xml'}, ConfigResource{resourceName='/home/fkiraz/AnypointStudio/workspace/.mule/apps/project1/project1.xml'}]"
2017-12-06 09:33:05,757 [Mule.app.deployer.monitor.1.thread.1] INFO  org.mule.config.builders.AutoConfigurationBuilder - Configured Mule using "org.mule.config.builders.AutoConfigurationBuilder" with configuration resource(s): "[ConfigResource{resourceName='/home/fkiraz/AnypointStudio/workspace/.mule/apps/project1/conf.xml'}, ConfigResource{resourceName='/home/fkiraz/AnypointStudio/workspace/.mule/apps/project1/project1.xml'}]"
2017-12-06 09:33:05,766 [Mule.app.deployer.monitor.1.thread.1] INFO  org.mule.module.launcher.application.DefaultMuleApplication - 
++++++++++++++++++++++++++++++++++++++++++++++++++++++++++++
+ Starting app 'project1'                                  +
++++++++++++++++++++++++++++++++++++++++++++++++++++++++++++
2017-12-06 09:33:05,769 [Mule.app.deployer.monitor.1.thread.1] INFO  org.mule.util.queue.QueueXaResourceManager - Starting ResourceManager
2017-12-06 09:33:05,769 [Mule.app.deployer.monitor.1.thread.1] INFO  org.mule.util.queue.QueueXaResourceManager - Started ResourceManager
2017-12-06 09:33:06,219 [Mule.app.deployer.monitor.1.thread.1] INFO  org.mule.module.http.internal.listener.DefaultHttpListenerConfig - Listening for requests on http://localhost:8081
2017-12-06 09:33:06,226 [Mule.app.deployer.monitor.1.thread.1] INFO  org.mule.modules.oauth2.provider.agents.DefaultSplashScreenAgent - 
++++++++++++++++++++++++++++++++++++++++++++++++++++++++++++++++++++++++++++++++
+ DevKit Extensions (0) used in this application 
                             +
++++++++++++++++++++++++++++++++++++++++++++++++++++++++++++++++++++++++++++++++
2017-12-06 09:33:06,227 [Mule.app.deployer.monitor.1.thread.1] INFO  org.mule.lifecycle.AbstractLifecycleManager - Starting model: _muleSystemModel
2017-12-06 09:33:06,229 [Mule.app.deployer.monitor.1.thread.1] INFO  org.mule.construct.FlowConstructLifecycleManager - Starting flow: confFlow
2017-12-06 09:33:06,231 [Mule.app.deployer.monitor.1.thread.1] INFO  org.mule.processor.SedaStageLifecycleManager - Starting service: confFlow.stage1
2017-12-06 09:33:06,246 [Mule.app.deployer.monitor.1.thread.1] INFO  org.mule.component.ComponentLifecycleManager - Starting component: component.801218161
2017-12-06 09:33:06,324 [Mule.app.deployer.monitor.1.thread.1] INFO  org.mule.module.management.agent.WrapperManagerAgent - This JVM hasn't been launched by the wrapper, the agent will not run.
2017-12-06 09:33:06,357 [Mule.app.deployer.monitor.1.thread.1] INFO  org.mule.DefaultMuleContext - 
**********************************************************************
* Application: project1                                              *
* OS encoding: /, Mule encoding: UTF-8                               *
*                                                                    *
* Agents Running:                                                    *
*   Batch module default engine                                      *
*   JMX Agent                                                        *
*   DevKit Extension Information                                     *
*   Wrapper Manager                                                  *
**********************************************************************
2017-12-06 09:33:20,077 [main] INFO  org.mule.module.launcher.application.DefaultMuleApplication - 
++++++++++++++++++++++++++++++++++++++++++++++++++++++++++++
+ Initializing app 'project1'                              +
++++++++++++++++++++++++++++++++++++++++++++++++++++++++++++
2017-12-06 09:33:20,304 [main] INFO  org.mule.lifecycle.AbstractLifecycleManager - Initialising RegistryBroker
2017-12-06 09:33:20,517 [main] INFO  org.mule.module.extension.internal.manager.DefaultExtensionManager - Starting discovery of extensions
2017-12-06 09:33:20,772 [main] INFO  org.mule.module.extension.internal.manager.DefaultExtensionManager - Discovered 1 extensions
2017-12-06 09:33:20,772 [main] INFO  org.mule.module.extension.internal.manager.DefaultExtensionManager - Registering extension validation (version 3.9)
2017-12-06 09:33:20,874 [main] INFO  org.mule.config.spring.MuleArtifactContext - Refreshing org.mule.config.spring.MuleArtifactContext@4a9e6faf: startup date [Wed Dec 06 09:33:20 PST 2017]; root of context hierarchy
2017-12-06 09:33:22,846 [main] INFO  org.mule.config.spring.processors.NoDevkitInjectorProcessor - JSR-330 'javax.inject.Inject' annotation found and supported for autowiring
2017-12-06 09:33:24,207 [main] WARN  org.mule.module.ognl.expression.OgnlExpressionEvaluator - OGNL module is deprecated and will be removed in Mule 4.0. Use MEL expressions instead.
2017-12-06 09:33:24,598 [main] INFO  org.mule.util.journal.TransactionJournal - Using files for tx logs /home/fkiraz/AnypointStudio/workspace/.mule/./.mule/project1/queue-tx-log/tx1.log and /home/fkiraz/AnypointStudio/workspace/.mule/./.mule/project1/queue-tx-log/tx2.log
2017-12-06 09:33:24,614 [main] INFO  org.mule.util.journal.TransactionJournal - Using files for tx logs /home/fkiraz/AnypointStudio/workspace/.mule/./.mule/project1/queue-xa-tx-log/tx1.log and /home/fkiraz/AnypointStudio/workspace/.mule/./.mule/project1/queue-xa-tx-log/tx2.log
2017-12-06 09:33:24,769 [main] INFO  org.mule.lifecycle.AbstractLifecycleManager - Initialising model: _muleSystemModel
2017-12-06 09:33:24,774 [main] INFO  org.mule.construct.FlowConstructLifecycleManager - Initialising flow: confFlow
2017-12-06 09:33:24,774 [main] INFO  org.mule.exception.DefaultMessagingExceptionStrategy - Initialising exception listener: org.mule.exception.DefaultMessagingExceptionStrategy@3c9c6245
2017-12-06 09:33:24,826 [main] INFO  org.mule.processor.SedaStageLifecycleManager - Initialising service: confFlow.stage1
2017-12-06 09:33:24,846 [main] INFO  org.mule.component.ComponentLifecycleManager - Initialising component: component.1135555866
2017-12-06 09:33:25,175 [main] INFO  org.mule.config.spring.SpringXmlConfigurationBuilder - Configured Mule using "org.mule.config.spring.SpringXmlConfigurationBuilder" with configuration resource(s): "[ConfigResource{resourceName='/home/fkiraz/AnypointStudio/workspace/.mule/apps/project1/conf.xml'}, ConfigResource{resourceName='/home/fkiraz/AnypointStudio/workspace/.mule/apps/project1/project1.xml'}]"
2017-12-06 09:33:25,175 [main] INFO  org.mule.config.builders.AutoConfigurationBuilder - Configured Mule using "org.mule.config.builders.AutoConfigurationBuilder" with configuration resource(s): "[ConfigResource{resourceName='/home/fkiraz/AnypointStudio/workspace/.mule/apps/project1/conf.xml'}, ConfigResource{resourceName='/home/fkiraz/AnypointStudio/workspace/.mule/apps/project1/project1.xml'}]"
2017-12-06 09:33:25,182 [main] INFO  org.mule.module.launcher.application.DefaultMuleApplication - 
++++++++++++++++++++++++++++++++++++++++++++++++++++++++++++
+ Starting app 'project1'                                  +
++++++++++++++++++++++++++++++++++++++++++++++++++++++++++++
2017-12-06 09:33:25,186 [main] INFO  org.mule.util.queue.QueueXaResourceManager - Starting ResourceManager
2017-12-06 09:33:25,186 [main] INFO  org.mule.util.queue.QueueXaResourceManager - Started ResourceManager
2017-12-06 09:33:25,265 [main] INFO  org.mule.module.http.internal.listener.DefaultHttpListenerConfig - Listening for requests on http://localhost:8081
2017-12-06 09:33:25,269 [main] INFO  org.mule.modules.oauth2.provider.agents.DefaultSplashScreenAgent - 
++++++++++++++++++++++++++++++++++++++++++++++++++++++++++++++++++++++++++++++++
+ DevKit Extensions (0) used in this application 
                             +
++++++++++++++++++++++++++++++++++++++++++++++++++++++++++++++++++++++++++++++++
2017-12-06 09:33:25,271 [main] INFO  org.mule.lifecycle.AbstractLifecycleManager - Starting model: _muleSystemModel
2017-12-06 09:33:25,273 [main] INFO  org.mule.construct.FlowConstructLifecycleManager - Starting flow: confFlow
2017-12-06 09:33:25,273 [main] INFO  org.mule.processor.SedaStageLifecycleManager - Starting service: confFlow.stage1
2017-12-06 09:33:25,279 [main] INFO  org.mule.component.ComponentLifecycleManager - Starting component: component.1135555866
2017-12-06 09:33:25,355 [main] INFO  org.mule.module.management.agent.WrapperManagerAgent - This JVM hasn't been launched by the wrapper, the agent will not run.
2017-12-06 09:33:25,379 [main] INFO  org.mule.DefaultMuleContext - 
**********************************************************************
* Application: project1                                              *
* OS encoding: /, Mule encoding: UTF-8                               *
*                                                                    *
* Agents Running:                                                    *
*   Batch module default engine                                      *
*   JMX Agent                                                        *
*   DevKit Extension Information                                     *
*   Wrapper Manager                                                  *
**********************************************************************
2017-12-06 09:33:29,084 [[project1].HTTP_Listener_Configuration.worker.01] INFO  org.mule.module.http.internal.listener.HttpListenerRegistry - No listener found for request: (GET)/java
2017-12-06 09:33:29,084 [[project1].HTTP_Listener_Configuration.worker.01] INFO  org.mule.module.http.internal.listener.HttpListenerRegistry - Available listeners are: [(*)/Java/]
2017-12-06 09:33:29,310 [[project1].HTTP_Listener_Configuration.worker.01] INFO  org.mule.module.http.internal.listener.HttpListenerRegistry - No listener found for request: (GET)/favicon.ico
2017-12-06 09:33:29,310 [[project1].HTTP_Listener_Configuration.worker.01] INFO  org.mule.module.http.internal.listener.HttpListenerRegistry - Available listeners are: [(*)/Java/]
2017-12-06 09:33:29,380 [[project1].HTTP_Listener_Configuration.worker.01] INFO  org.mule.module.http.internal.listener.HttpListenerRegistry - No listener found for request: (GET)/favicon.ico
2017-12-06 09:33:29,380 [[project1].HTTP_Listener_Configuration.worker.01] INFO  org.mule.module.http.internal.listener.HttpListenerRegistry - Available listeners are: [(*)/Java/]
